<?xml version="1.0" encoding="UTF-8"?>
<!-- Generated by org.testng.reporters.JUnitReportReporter -->
<testsuite ignored="0" hostname="LAPTOP-KKP633HS" failures="0" tests="1" name="TestCases.TestCaseClass" time="1.541" errors="0" timestamp="09 Nov 2021 13:45:56 GMT" skipped="0">
  <testcase classname="TestCases.TestCaseClass" name="runTheTest" time="1.541"/>
</testsuite> <!-- TestCases.TestCaseClass -->
